<?xml version="1.0" encoding="UTF-8"?>
<testng-results skipped="0" failed="0" ignored="0" total="1" passed="1">
  <reporter-output>
  </reporter-output>
  <suite name="Suite" duration-ms="4382" started-at="2022-08-12T11:21:05 AEST" finished-at="2022-08-12T11:21:09 AEST">
    <groups>
    </groups>
    <test name="Scenario1 local chrome" duration-ms="4359" started-at="2022-08-12T11:21:05 AEST" finished-at="2022-08-12T11:21:09 AEST">
      <class name="testrun.testcase1">
        <test-method status="PASS" signature="tc1(java.lang.String)[pri:0, instance:testrun.testcase1@f6c48ac]" name="tc1" duration-ms="4325" started-at="2022-08-12T11:21:05 AEST" finished-at="2022-08-12T11:21:09 AEST">
          <params>
            <param index="0">
              <value>
                <![CDATA[chrome]]>
              </value>
            </param>
          </params>
          <reporter-output>
          </reporter-output>
        </test-method> <!-- tc1 -->
      </class> <!-- testrun.testcase1 -->
    </test> <!-- Scenario1 local chrome -->
    <test name="Test" duration-ms="0" started-at="2022-08-12T11:21:09 AEST" finished-at="2022-08-12T11:21:09 AEST">
    </test> <!-- Test -->
  </suite> <!-- Suite -->
</testng-results>
