<?xml version="1.0" encoding="UTF-8"?>
<testng-results ignored="0" total="1" passed="1" failed="0" skipped="0">
  <reporter-output>
  </reporter-output>
  <suite started-at="2022-08-12T10:32:20 AEST" name="Suite" finished-at="2022-08-12T10:32:25 AEST" duration-ms="4044">
    <groups>
    </groups>
    <test started-at="2022-08-12T10:32:20 AEST" name="Scenario1 local chrome" finished-at="2022-08-12T10:32:25 AEST" duration-ms="4029">
      <class name="testrun.testcase1">
        <test-method signature="tc1(java.lang.String)[pri:0, instance:testrun.testcase1@306cf3ea]" started-at="2022-08-12T10:32:21 AEST" name="tc1" finished-at="2022-08-12T10:32:25 AEST" duration-ms="4000" status="PASS">
          <params>
            <param index="0">
              <value>
                <![CDATA[chrome]]>
              </value>
            </param>
          </params>
          <reporter-output>
          </reporter-output>
        </test-method> <!-- tc1 -->
      </class> <!-- testrun.testcase1 -->
    </test> <!-- Scenario1 local chrome -->
    <test started-at="2022-08-12T10:32:25 AEST" name="Test" finished-at="2022-08-12T10:32:25 AEST" duration-ms="1">
    </test> <!-- Test -->
  </suite> <!-- Suite -->
</testng-results>
